# JRE version: OpenJDK Runtime Environment (8.0_242-b01) (build 1.8.0_242-release-1644-b01)
# Java VM: OpenJDK 64-Bit Server VM (25.242-b01 mixed mode windows-amd64 compressed oops)
Heap:
 PSYoungGen      total 499712K, used 51100K [0x00000000d5580000, 0x00000000f7880000, 0x0000000100000000)
  eden space 447488K, 10% used [0x00000000d5580000,0x00000000d8367000,0x00000000f0a80000)
  from space 52224K, 7% used [0x00000000f4580000,0x00000000f4980000,0x00000000f7880000)
  to   space 56320K, 0% used [0x00000000f0a80000,0x00000000f0a80000,0x00000000f4180000)
 ParOldGen       total 342016K, used 104426K [0x0000000080000000, 0x0000000094e00000, 0x00000000d5580000)
  object space 342016K, 30% used [0x0000000080000000,0x00000000865fab20,0x0000000094e00000)
 Metaspace       used 108182K, capacity 115225K, committed 115368K, reserved 1148928K
  class space    used 13972K, capacity 15251K, committed 15280K, reserved 1048576K
GC Heap History (10 events):
Event: 4270.957 GC heap before
{Heap before GC invocations=32 (full 4):
 PSYoungGen      total 330752K, used 311464K [0x00000000d5580000, 0x00000000edf80000, 0x0000000100000000)
  eden space 287744K, 100% used [0x00000000d5580000,0x00000000e6e80000,0x00000000e6e80000)
  from space 43008K, 55% used [0x00000000e6e80000,0x00000000e85aa230,0x00000000e9880000)
  to   space 42496K, 0% used [0x00000000eb600000,0x00000000eb600000,0x00000000edf80000)
 ParOldGen       total 342016K, used 74566K [0x0000000080000000, 0x0000000094e00000, 0x00000000d5580000)
  object space 342016K, 21% used [0x0000000080000000,0x00000000848d1aa8,0x0000000094e00000)
 Metaspace       used 107881K, capacity 114919K, committed 115112K, reserved 1148928K
  class space    used 13953K, capacity 15236K, committed 15280K, reserved 1048576K
Event: 4271.033 GC heap after
Heap after GC invocations=32 (full 4):
 PSYoungGen      total 353792K, used 42493K [0x00000000d5580000, 0x00000000ef980000, 0x0000000100000000)
  eden space 311296K, 0% used [0x00000000d5580000,0x00000000d5580000,0x00000000e8580000)
  from space 42496K, 99% used [0x00000000eb600000,0x00000000edf7f6b8,0x00000000edf80000)
  to   space 49664K, 0% used [0x00000000e8580000,0x00000000e8580000,0x00000000eb600000)
 ParOldGen       total 342016K, used 77617K [0x0000000080000000, 0x0000000094e00000, 0x00000000d5580000)
  object space 342016K, 22% used [0x0000000080000000,0x0000000084bcc458,0x0000000094e00000)
 Metaspace       used 107881K, capacity 114919K, committed 115112K, reserved 1148928K
  class space    used 13953K, capacity 15236K, committed 15280K, reserved 1048576K
}
Event: 4272.830 GC heap before
{Heap before GC invocations=33 (full 4):
 PSYoungGen      total 353792K, used 353789K [0x00000000d5580000, 0x00000000ef980000, 0x0000000100000000)
  eden space 311296K, 100% used [0x00000000d5580000,0x00000000e8580000,0x00000000e8580000)
  from space 42496K, 99% used [0x00000000eb600000,0x00000000edf7f6b8,0x00000000edf80000)
  to   space 49664K, 0% used [0x00000000e8580000,0x00000000e8580000,0x00000000eb600000)
 ParOldGen       total 342016K, used 77617K [0x0000000080000000, 0x0000000094e00000, 0x00000000d5580000)
  object space 342016K, 22% used [0x0000000080000000,0x0000000084bcc458,0x0000000094e00000)
 Metaspace       used 108043K, capacity 115117K, committed 115368K, reserved 1148928K
  class space    used 13967K, capacity 15245K, committed 15280K, reserved 1048576K
Event: 4273.046 GC heap after
Heap after GC invocations=33 (full 4):
 PSYoungGen      total 360960K, used 43812K [0x00000000d5580000, 0x00000000f3300000, 0x0000000100000000)
  eden space 311296K, 0% used [0x00000000d5580000,0x00000000d5580000,0x00000000e8580000)
  from space 49664K, 88% used [0x00000000e8580000,0x00000000eb049010,0x00000000eb600000)
  to   space 55296K, 0% used [0x00000000efd00000,0x00000000efd00000,0x00000000f3300000)
 ParOldGen       total 342016K, used 79201K [0x0000000080000000, 0x0000000094e00000, 0x00000000d5580000)
  object space 342016K, 23% used [0x0000000080000000,0x0000000084d584f8,0x0000000094e00000)
 Metaspace       used 108043K, capacity 115117K, committed 115368K, reserved 1148928K
  class space    used 13967K, capacity 15245K, committed 15280K, reserved 1048576K
}
Event: 4275.409 GC heap before
{Heap before GC invocations=34 (full 4):
 PSYoungGen      total 360960K, used 355108K [0x00000000d5580000, 0x00000000f3300000, 0x0000000100000000)
  eden space 311296K, 100% used [0x00000000d5580000,0x00000000e8580000,0x00000000e8580000)
  from space 49664K, 88% used [0x00000000e8580000,0x00000000eb049010,0x00000000eb600000)
  to   space 55296K, 0% used [0x00000000efd00000,0x00000000efd00000,0x00000000f3300000)
 ParOldGen       total 342016K, used 79201K [0x0000000080000000, 0x0000000094e00000, 0x00000000d5580000)
  object space 342016K, 23% used [0x0000000080000000,0x0000000084d584f8,0x0000000094e00000)
 Metaspace       used 108106K, capacity 115147K, committed 115368K, reserved 1148928K
  class space    used 13969K, capacity 15248K, committed 15280K, reserved 1048576K
Event: 4275.477 GC heap after
Heap after GC invocations=34 (full 4):
 PSYoungGen      total 430592K, used 41158K [0x00000000d5580000, 0x00000000f3800000, 0x0000000100000000)
  eden space 375296K, 0% used [0x00000000d5580000,0x00000000d5580000,0x00000000ec400000)
  from space 55296K, 74% used [0x00000000efd00000,0x00000000f2531ac0,0x00000000f3300000)
  to   space 58368K, 0% used [0x00000000ec400000,0x00000000ec400000,0x00000000efd00000)
 ParOldGen       total 342016K, used 79433K [0x0000000080000000, 0x0000000094e00000, 0x00000000d5580000)
  object space 342016K, 23% used [0x0000000080000000,0x0000000084d92508,0x0000000094e00000)
 Metaspace       used 108106K, capacity 115147K, committed 115368K, reserved 1148928K
  class space    used 13969K, capacity 15248K, committed 15280K, reserved 1048576K
}
Event: 4277.975 GC heap before
{Heap before GC invocations=35 (full 4):
 PSYoungGen      total 430592K, used 416454K [0x00000000d5580000, 0x00000000f3800000, 0x0000000100000000)
  eden space 375296K, 100% used [0x00000000d5580000,0x00000000ec400000,0x00000000ec400000)
  from space 55296K, 74% used [0x00000000efd00000,0x00000000f2531ac0,0x00000000f3300000)
  to   space 58368K, 0% used [0x00000000ec400000,0x00000000ec400000,0x00000000efd00000)
 ParOldGen       total 342016K, used 79433K [0x0000000080000000, 0x0000000094e00000, 0x00000000d5580000)
  object space 342016K, 23% used [0x0000000080000000,0x0000000084d92508,0x0000000094e00000)
 Metaspace       used 108162K, capacity 115225K, committed 115368K, reserved 1148928K
  class space    used 13972K, capacity 15251K, committed 15280K, reserved 1048576K
Event: 4278.038 GC heap after
Heap after GC invocations=35 (full 4):
 PSYoungGen      total 433664K, used 23975K [0x00000000d5580000, 0x00000000f7b80000, 0x0000000100000000)
  eden space 375296K, 0% used [0x00000000d5580000,0x00000000d5580000,0x00000000ec400000)
  from space 58368K, 41% used [0x00000000ec400000,0x00000000edb69d50,0x00000000efd00000)
  to   space 55296K, 0% used [0x00000000f4580000,0x00000000f4580000,0x00000000f7b80000)
 ParOldGen       total 342016K, used 89696K [0x0000000080000000, 0x0000000094e00000, 0x00000000d5580000)
  object space 342016K, 26% used [0x0000000080000000,0x0000000085798218,0x0000000094e00000)
 Metaspace       used 108162K, capacity 115225K, committed 115368K, reserved 1148928K
  class space    used 13972K, capacity 15251K, committed 15280K, reserved 1048576K
}
Event: 4282.345 GC heap before
{Heap before GC invocations=36 (full 4):
 PSYoungGen      total 433664K, used 399271K [0x00000000d5580000, 0x00000000f7b80000, 0x0000000100000000)
  eden space 375296K, 100% used [0x00000000d5580000,0x00000000ec400000,0x00000000ec400000)
  from space 58368K, 41% used [0x00000000ec400000,0x00000000edb69d50,0x00000000efd00000)
  to   space 55296K, 0% used [0x00000000f4580000,0x00000000f4580000,0x00000000f7b80000)
 ParOldGen       total 342016K, used 89696K [0x0000000080000000, 0x0000000094e00000, 0x00000000d5580000)
  object space 342016K, 26% used [0x0000000080000000,0x0000000085798218,0x0000000094e00000)
 Metaspace       used 108180K, capacity 115225K, committed 115368K, reserved 1148928K
  class space    used 13972K, capacity 15251K, committed 15280K, reserved 1048576K
Event: 4282.385 GC heap after
Heap after GC invocations=36 (full 4):
 PSYoungGen      total 499712K, used 4096K [0x00000000d5580000, 0x00000000f7880000, 0x0000000100000000)
  eden space 447488K, 0% used [0x00000000d5580000,0x00000000d5580000,0x00000000f0a80000)
  from space 52224K, 7% used [0x00000000f4580000,0x00000000f4980000,0x00000000f7880000)
  to   space 56320K, 0% used [0x00000000f0a80000,0x00000000f0a80000,0x00000000f4180000)
 ParOldGen       total 342016K, used 104426K [0x0000000080000000, 0x0000000094e00000, 0x00000000d5580000)
  object space 342016K, 30% used [0x0000000080000000,0x00000000865fab20,0x0000000094e00000)
 Metaspace       used 108180K, capacity 115225K, committed 115368K, reserved 1148928K
  class space    used 13972K, capacity 15251K, committed 15280K, reserved 1048576K
}

