# JRE version: OpenJDK Runtime Environment (8.0_242-b01) (build 1.8.0_242-release-1644-b01)
# Java VM: OpenJDK 64-Bit Server VM (25.242-b01 mixed mode windows-amd64 compressed oops)
Heap:
 PSYoungGen      total 216576K, used 36460K [0x00000000e0000000, 0x00000000efa00000, 0x0000000100000000)
  eden space 201728K, 18% used [0x00000000e0000000,0x00000000e239b0d8,0x00000000ec500000)
  from space 14848K, 0% used [0x00000000ec500000,0x00000000ec500000,0x00000000ed380000)
  to   space 20480K, 0% used [0x00000000ee600000,0x00000000ee600000,0x00000000efa00000)
 ParOldGen       total 134656K, used 37451K [0x00000000a0000000, 0x00000000a8380000, 0x00000000e0000000)
  object space 134656K, 27% used [0x00000000a0000000,0x00000000a2492da8,0x00000000a8380000)
 Metaspace       used 58395K, capacity 60490K, committed 60592K, reserved 1101824K
  class space    used 8038K, capacity 8548K, committed 8624K, reserved 1048576K
GC Heap History (10 events):
Event: 15.385 GC heap before
{Heap before GC invocations=8 (full 1):
 PSYoungGen      total 127488K, used 57337K [0x00000000e0000000, 0x00000000e8880000, 0x0000000100000000)
  eden space 115200K, 42% used [0x00000000e0000000,0x00000000e2fa0300,0x00000000e7080000)
  from space 12288K, 69% used [0x00000000e7c00000,0x00000000e845e350,0x00000000e8800000)
  to   space 11776K, 0% used [0x00000000e7080000,0x00000000e7080000,0x00000000e7c00000)
 ParOldGen       total 88064K, used 7418K [0x00000000a0000000, 0x00000000a5600000, 0x00000000e0000000)
  object space 88064K, 8% used [0x00000000a0000000,0x00000000a073e828,0x00000000a5600000)
 Metaspace       used 34541K, capacity 35410K, committed 35496K, reserved 1079296K
  class space    used 4741K, capacity 4974K, committed 5040K, reserved 1048576K
Event: 15.401 GC heap after
Heap after GC invocations=8 (full 1):
 PSYoungGen      total 126976K, used 8856K [0x00000000e0000000, 0x00000000ee200000, 0x0000000100000000)
  eden space 115200K, 0% used [0x00000000e0000000,0x00000000e0000000,0x00000000e7080000)
  from space 11776K, 75% used [0x00000000e7080000,0x00000000e79260f0,0x00000000e7c00000)
  to   space 11264K, 0% used [0x00000000ed700000,0x00000000ed700000,0x00000000ee200000)
 ParOldGen       total 88064K, used 7426K [0x00000000a0000000, 0x00000000a5600000, 0x00000000e0000000)
  object space 88064K, 8% used [0x00000000a0000000,0x00000000a0740828,0x00000000a5600000)
 Metaspace       used 34541K, capacity 35410K, committed 35496K, reserved 1079296K
  class space    used 4741K, capacity 4974K, committed 5040K, reserved 1048576K
}
Event: 15.401 GC heap before
{Heap before GC invocations=9 (full 2):
 PSYoungGen      total 126976K, used 8856K [0x00000000e0000000, 0x00000000ee200000, 0x0000000100000000)
  eden space 115200K, 0% used [0x00000000e0000000,0x00000000e0000000,0x00000000e7080000)
  from space 11776K, 75% used [0x00000000e7080000,0x00000000e79260f0,0x00000000e7c00000)
  to   space 11264K, 0% used [0x00000000ed700000,0x00000000ed700000,0x00000000ee200000)
 ParOldGen       total 88064K, used 7426K [0x00000000a0000000, 0x00000000a5600000, 0x00000000e0000000)
  object space 88064K, 8% used [0x00000000a0000000,0x00000000a0740828,0x00000000a5600000)
 Metaspace       used 34541K, capacity 35410K, committed 35496K, reserved 1079296K
  class space    used 4741K, capacity 4974K, committed 5040K, reserved 1048576K
Event: 15.464 GC heap after
Heap after GC invocations=9 (full 2):
 PSYoungGen      total 126976K, used 0K [0x00000000e0000000, 0x00000000ee200000, 0x0000000100000000)
  eden space 115200K, 0% used [0x00000000e0000000,0x00000000e0000000,0x00000000e7080000)
  from space 11776K, 0% used [0x00000000e7080000,0x00000000e7080000,0x00000000e7c00000)
  to   space 11264K, 0% used [0x00000000ed700000,0x00000000ed700000,0x00000000ee200000)
 ParOldGen       total 134656K, used 15382K [0x00000000a0000000, 0x00000000a8380000, 0x00000000e0000000)
  object space 134656K, 11% used [0x00000000a0000000,0x00000000a0f059d8,0x00000000a8380000)
 Metaspace       used 34541K, capacity 35410K, committed 35496K, reserved 1079296K
  class space    used 4741K, capacity 4974K, committed 5040K, reserved 1048576K
}
Event: 20.532 GC heap before
{Heap before GC invocations=10 (full 2):
 PSYoungGen      total 126976K, used 115200K [0x00000000e0000000, 0x00000000ee200000, 0x0000000100000000)
  eden space 115200K, 100% used [0x00000000e0000000,0x00000000e7080000,0x00000000e7080000)
  from space 11776K, 0% used [0x00000000e7080000,0x00000000e7080000,0x00000000e7c00000)
  to   space 11264K, 0% used [0x00000000ed700000,0x00000000ed700000,0x00000000ee200000)
 ParOldGen       total 134656K, used 15382K [0x00000000a0000000, 0x00000000a8380000, 0x00000000e0000000)
  object space 134656K, 11% used [0x00000000a0000000,0x00000000a0f059d8,0x00000000a8380000)
 Metaspace       used 44312K, capacity 45804K, committed 46128K, reserved 1089536K
  class space    used 6004K, capacity 6364K, committed 6448K, reserved 1048576K
Event: 20.549 GC heap after
Heap after GC invocations=10 (full 2):
 PSYoungGen      total 179712K, used 11245K [0x00000000e0000000, 0x00000000ee200000, 0x0000000100000000)
  eden space 168448K, 0% used [0x00000000e0000000,0x00000000e0000000,0x00000000ea480000)
  from space 11264K, 99% used [0x00000000ed700000,0x00000000ee1fb6c0,0x00000000ee200000)
  to   space 14848K, 0% used [0x00000000ec500000,0x00000000ec500000,0x00000000ed380000)
 ParOldGen       total 134656K, used 20578K [0x00000000a0000000, 0x00000000a8380000, 0x00000000e0000000)
  object space 134656K, 15% used [0x00000000a0000000,0x00000000a1418b90,0x00000000a8380000)
 Metaspace       used 44312K, capacity 45804K, committed 46128K, reserved 1089536K
  class space    used 6004K, capacity 6364K, committed 6448K, reserved 1048576K
}
Event: 23.449 GC heap before
{Heap before GC invocations=11 (full 2):
 PSYoungGen      total 179712K, used 167246K [0x00000000e0000000, 0x00000000ee200000, 0x0000000100000000)
  eden space 168448K, 92% used [0x00000000e0000000,0x00000000e9858158,0x00000000ea480000)
  from space 11264K, 99% used [0x00000000ed700000,0x00000000ee1fb6c0,0x00000000ee200000)
  to   space 14848K, 0% used [0x00000000ec500000,0x00000000ec500000,0x00000000ed380000)
 ParOldGen       total 134656K, used 20578K [0x00000000a0000000, 0x00000000a8380000, 0x00000000e0000000)
  object space 134656K, 15% used [0x00000000a0000000,0x00000000a1418b90,0x00000000a8380000)
 Metaspace       used 56947K, capacity 58996K, committed 59160K, reserved 1099776K
  class space    used 7810K, capacity 8253K, committed 8368K, reserved 1048576K
Event: 23.481 GC heap after
Heap after GC invocations=11 (full 2):
 PSYoungGen      total 216576K, used 14845K [0x00000000e0000000, 0x00000000efa00000, 0x0000000100000000)
  eden space 201728K, 0% used [0x00000000e0000000,0x00000000e0000000,0x00000000ec500000)
  from space 14848K, 99% used [0x00000000ec500000,0x00000000ed37f7e0,0x00000000ed380000)
  to   space 20480K, 0% used [0x00000000ee600000,0x00000000ee600000,0x00000000efa00000)
 ParOldGen       total 134656K, used 31368K [0x00000000a0000000, 0x00000000a8380000, 0x00000000e0000000)
  object space 134656K, 23% used [0x00000000a0000000,0x00000000a1ea2118,0x00000000a8380000)
 Metaspace       used 56947K, capacity 58996K, committed 59160K, reserved 1099776K
  class space    used 7810K, capacity 8253K, committed 8368K, reserved 1048576K
}
Event: 23.481 GC heap before
{Heap before GC invocations=12 (full 3):
 PSYoungGen      total 216576K, used 14845K [0x00000000e0000000, 0x00000000efa00000, 0x0000000100000000)
  eden space 201728K, 0% used [0x00000000e0000000,0x00000000e0000000,0x00000000ec500000)
  from space 14848K, 99% used [0x00000000ec500000,0x00000000ed37f7e0,0x00000000ed380000)
  to   space 20480K, 0% used [0x00000000ee600000,0x00000000ee600000,0x00000000efa00000)
 ParOldGen       total 134656K, used 31368K [0x00000000a0000000, 0x00000000a8380000, 0x00000000e0000000)
  object space 134656K, 23% used [0x00000000a0000000,0x00000000a1ea2118,0x00000000a8380000)
 Metaspace       used 56947K, capacity 58996K, committed 59160K, reserved 1099776K
  class space    used 7810K, capacity 8253K, committed 8368K, reserved 1048576K
Event: 23.829 GC heap after
Heap after GC invocations=12 (full 3):
 PSYoungGen      total 216576K, used 0K [0x00000000e0000000, 0x00000000efa00000, 0x0000000100000000)
  eden space 201728K, 0% used [0x00000000e0000000,0x00000000e0000000,0x00000000ec500000)
  from space 14848K, 0% used [0x00000000ec500000,0x00000000ec500000,0x00000000ed380000)
  to   space 20480K, 0% used [0x00000000ee600000,0x00000000ee600000,0x00000000efa00000)
 ParOldGen       total 134656K, used 37451K [0x00000000a0000000, 0x00000000a8380000, 0x00000000e0000000)
  object space 134656K, 27% used [0x00000000a0000000,0x00000000a2492da8,0x00000000a8380000)
 Metaspace       used 56922K, capacity 58912K, committed 59160K, reserved 1099776K
  class space    used 7803K, capacity 8239K, committed 8368K, reserved 1048576K
}

